0 info it worked if it ends with ok
1 verbose cli [ '/usr/bin/node', '/usr/bin/npm', 'install', 'pusher@>=5.1.1' ]
2 info using npm@3.5.2
3 info using node@v8.10.0
4 silly loadCurrentTree Starting
5 silly install loadCurrentTree
6 silly install readLocalPackageData
7 silly fetchPackageMetaData pusher@>=5.1.1
8 silly fetchNamedPackageData pusher
9 silly mapToRegistry name pusher
10 silly mapToRegistry using default registry
11 silly mapToRegistry registry https://registry.npmjs.org/
12 silly mapToRegistry uri https://registry.npmjs.org/pusher
13 verbose request uri https://registry.npmjs.org/pusher
14 verbose request no auth needed
15 info attempt registry request try #1 at 2:26:42 PM
16 verbose request id 99cc0ccd95d0b2c8
17 verbose etag W/"48c671fadbfe0797a879d64d3070d80f"
18 verbose lastModified Thu, 26 Sep 2019 15:12:41 GMT
19 http request GET https://registry.npmjs.org/pusher
20 http 304 https://registry.npmjs.org/pusher
21 verbose headers { date: 'Tue, 10 Mar 2020 21:26:42 GMT',
21 verbose headers   connection: 'keep-alive',
21 verbose headers   'set-cookie':
21 verbose headers    [ '__cfduid=d95955a06c498e6782a0037d05a6230591583875602; expires=Thu, 09-Apr-20 21:26:42 GMT; path=/; domain=.npmjs.org; HttpOnly; SameSite=Lax' ],
21 verbose headers   'cf-ray': '57201d954d95e4bc-LAX',
21 verbose headers   age: '3363',
21 verbose headers   'cache-control': 'public, max-age=300',
21 verbose headers   etag: '"48c671fadbfe0797a879d64d3070d80f"',
21 verbose headers   'last-modified': 'Thu, 26 Sep 2019 15:12:41 GMT',
21 verbose headers   vary: 'Accept-Encoding',
21 verbose headers   'cf-cache-status': 'HIT',
21 verbose headers   'expect-ct': 'max-age=604800, report-uri="https://report-uri.cloudflare.com/cdn-cgi/beacon/expect-ct"',
21 verbose headers   server: 'cloudflare' }
22 silly get cb [ 304,
22 silly get   { date: 'Tue, 10 Mar 2020 21:26:42 GMT',
22 silly get     connection: 'keep-alive',
22 silly get     'set-cookie':
22 silly get      [ '__cfduid=d95955a06c498e6782a0037d05a6230591583875602; expires=Thu, 09-Apr-20 21:26:42 GMT; path=/; domain=.npmjs.org; HttpOnly; SameSite=Lax' ],
22 silly get     'cf-ray': '57201d954d95e4bc-LAX',
22 silly get     age: '3363',
22 silly get     'cache-control': 'public, max-age=300',
22 silly get     etag: '"48c671fadbfe0797a879d64d3070d80f"',
22 silly get     'last-modified': 'Thu, 26 Sep 2019 15:12:41 GMT',
22 silly get     vary: 'Accept-Encoding',
22 silly get     'cf-cache-status': 'HIT',
22 silly get     'expect-ct': 'max-age=604800, report-uri="https://report-uri.cloudflare.com/cdn-cgi/beacon/expect-ct"',
22 silly get     server: 'cloudflare' } ]
23 verbose etag https://registry.npmjs.org/pusher from cache
24 verbose get saving pusher to /root/.npm/registry.npmjs.org/pusher/.cache.json
25 silly fetchPackageMetaData Error: No compatible version found: pusher@>=5.1.1
25 silly fetchPackageMetaData Valid install targets:
25 silly fetchPackageMetaData 3.0.0, 2.2.2, 2.2.1, 2.2.0, 2.1.4, 2.1.3, 2.1.2, 2.1.1, 2.0.1, 2.0.0, 1.5.1, 1.5.0, 1.4.0, 1.4.0-rc6, 1.4.0-rc5, 1.4.0-rc4, 1.4.0-rc3, 1.4.0-rc2, 1.4.0-rc1, 1.3.1, 1.3.0, 1.2.1, 1.2.0, 1.1.0, 1.0.6, 1.0.5, 1.0.4, 1.0.3, 1.0.2, 1.0.1, 1.0.0, 0.1.3, 0.1.2, 0.1.1, 0.1.0, 0.0.4, 0.0.3, 0.0.2, 0.0.1
25 silly fetchPackageMetaData
25 silly fetchPackageMetaData     at pickVersionFromRegistryDocument (/usr/share/npm/lib/fetch-package-metadata.js:156:16)
25 silly fetchPackageMetaData     at /usr/share/npm/node_modules/iferr/index.js:13:50
25 silly fetchPackageMetaData     at /usr/share/npm/lib/utils/pulse-till-done.js:19:8
25 silly fetchPackageMetaData     at saved (/usr/share/npm/lib/cache/caching-client.js:168:7)
25 silly fetchPackageMetaData     at /usr/share/npm/node_modules/graceful-fs/polyfills.js:210:7
25 silly fetchPackageMetaData     at FSReqWrap.oncomplete (fs.js:135:15)
25 silly fetchPackageMetaData  error for pusher@>=5.1.1 Error: No compatible version found: pusher@>=5.1.1
25 silly fetchPackageMetaData Valid install targets:
25 silly fetchPackageMetaData 3.0.0, 2.2.2, 2.2.1, 2.2.0, 2.1.4, 2.1.3, 2.1.2, 2.1.1, 2.0.1, 2.0.0, 1.5.1, 1.5.0, 1.4.0, 1.4.0-rc6, 1.4.0-rc5, 1.4.0-rc4, 1.4.0-rc3, 1.4.0-rc2, 1.4.0-rc1, 1.3.1, 1.3.0, 1.2.1, 1.2.0, 1.1.0, 1.0.6, 1.0.5, 1.0.4, 1.0.3, 1.0.2, 1.0.1, 1.0.0, 0.1.3, 0.1.2, 0.1.1, 0.1.0, 0.0.4, 0.0.3, 0.0.2, 0.0.1
25 silly fetchPackageMetaData
25 silly fetchPackageMetaData     at pickVersionFromRegistryDocument (/usr/share/npm/lib/fetch-package-metadata.js:156:16)
25 silly fetchPackageMetaData     at /usr/share/npm/node_modules/iferr/index.js:13:50
25 silly fetchPackageMetaData     at /usr/share/npm/lib/utils/pulse-till-done.js:19:8
25 silly fetchPackageMetaData     at saved (/usr/share/npm/lib/cache/caching-client.js:168:7)
25 silly fetchPackageMetaData     at /usr/share/npm/node_modules/graceful-fs/polyfills.js:210:7
25 silly fetchPackageMetaData     at FSReqWrap.oncomplete (fs.js:135:15)
26 silly rollbackFailedOptional Starting
27 silly rollbackFailedOptional Finishing
28 silly runTopLevelLifecycles Starting
29 silly runTopLevelLifecycles Finishing
30 silly install printInstalled
31 verbose stack Error: No compatible version found: pusher@>=5.1.1
31 verbose stack Valid install targets:
31 verbose stack 3.0.0, 2.2.2, 2.2.1, 2.2.0, 2.1.4, 2.1.3, 2.1.2, 2.1.1, 2.0.1, 2.0.0, 1.5.1, 1.5.0, 1.4.0, 1.4.0-rc6, 1.4.0-rc5, 1.4.0-rc4, 1.4.0-rc3, 1.4.0-rc2, 1.4.0-rc1, 1.3.1, 1.3.0, 1.2.1, 1.2.0, 1.1.0, 1.0.6, 1.0.5, 1.0.4, 1.0.3, 1.0.2, 1.0.1, 1.0.0, 0.1.3, 0.1.2, 0.1.1, 0.1.0, 0.0.4, 0.0.3, 0.0.2, 0.0.1
31 verbose stack
31 verbose stack     at pickVersionFromRegistryDocument (/usr/share/npm/lib/fetch-package-metadata.js:156:16)
31 verbose stack     at /usr/share/npm/node_modules/iferr/index.js:13:50
31 verbose stack     at /usr/share/npm/lib/utils/pulse-till-done.js:19:8
31 verbose stack     at saved (/usr/share/npm/lib/cache/caching-client.js:168:7)
31 verbose stack     at /usr/share/npm/node_modules/graceful-fs/polyfills.js:210:7
31 verbose stack     at FSReqWrap.oncomplete (fs.js:135:15)
32 verbose cwd /mnt/c/users/quetz/Desktop/lvtc-resource-finder/lvtc-resource-finder
33 error Linux 4.4.0-18362-Microsoft
34 error argv "/usr/bin/node" "/usr/bin/npm" "install" "pusher@>=5.1.1"
35 error node v8.10.0
36 error npm  v3.5.2
37 error No compatible version found: pusher@>=5.1.1
37 error Valid install targets:
37 error 3.0.0, 2.2.2, 2.2.1, 2.2.0, 2.1.4, 2.1.3, 2.1.2, 2.1.1, 2.0.1, 2.0.0, 1.5.1, 1.5.0, 1.4.0, 1.4.0-rc6, 1.4.0-rc5, 1.4.0-rc4, 1.4.0-rc3, 1.4.0-rc2, 1.4.0-rc1, 1.3.1, 1.3.0, 1.2.1, 1.2.0, 1.1.0, 1.0.6, 1.0.5, 1.0.4, 1.0.3, 1.0.2, 1.0.1, 1.0.0, 0.1.3, 0.1.2, 0.1.1, 0.1.0, 0.0.4, 0.0.3, 0.0.2, 0.0.1
38 error If you need help, you may report this error at:
38 error     <https://github.com/npm/npm/issues>
39 verbose exit [ 1, true ]
